<?xml version="1.0" encoding="UTF-8"?>
<!-- Generated by org.testng.reporters.JUnitXMLReporter -->
<testsuite ignored="0" hostname="PCA3689" failures="0" tests="3" name="TestNGSuit" time="0.046" errors="0" timestamp="19 May 2018 11:47:32 GMT">
  <testcase classname="practicedemo.TestNGclass1" name="method1" time="0.0"/>
  <testcase classname="practicedemo.TestNGclass1" name="method5" time="0.0"/>
  <testcase classname="practicedemo.TestNGdemo2" name="method4" time="0.0"/>
</testsuite> <!-- TestNGSuit -->
