<?xml version="1.0" encoding="UTF-8"?>
<testng-results ignored="0" total="2" passed="2" failed="0" skipped="0">
  <reporter-output>
  </reporter-output>
  <suite started-at="2018-05-19T12:41:04Z" name="Suite" finished-at="2018-05-19T12:41:18Z" duration-ms="14484">
    <groups>
    </groups>
    <test started-at="2018-05-19T12:41:04Z" name="EdgeTest" finished-at="2018-05-19T12:41:11Z" duration-ms="7298">
      <class name="practicedemo.NewTest">
        <test-method is-config="true" signature="multiplebrowser(java.lang.String)[pri:0, instance:practicedemo.NewTest@53aad5d5]" started-at="2018-05-19T12:41:04Z" name="multiplebrowser" finished-at="2018-05-19T12:41:11Z" duration-ms="6831" status="PASS">
          <params>
            <param index="0">
              <value>
                <![CDATA[edge]]>
              </value>
            </param>
          </params>
          <reporter-output>
          </reporter-output>
        </test-method> <!-- multiplebrowser -->
        <test-method signature="search()[pri:0, instance:practicedemo.NewTest@53aad5d5]" started-at="2018-05-19T12:41:11Z" name="search" finished-at="2018-05-19T12:41:11Z" duration-ms="234" status="PASS">
          <reporter-output>
          </reporter-output>
        </test-method> <!-- search -->
        <test-method is-config="true" signature="closingbrowser()[pri:0, instance:practicedemo.NewTest@53aad5d5]" started-at="2018-05-19T12:41:11Z" name="closingbrowser" finished-at="2018-05-19T12:41:11Z" duration-ms="198" status="PASS">
          <reporter-output>
          </reporter-output>
        </test-method> <!-- closingbrowser -->
      </class> <!-- practicedemo.NewTest -->
    </test> <!-- EdgeTest -->
    <test started-at="2018-05-19T12:41:04Z" name="ChromeTest" finished-at="2018-05-19T12:41:18Z" duration-ms="14484">
      <class name="practicedemo.NewTest">
        <test-method is-config="true" signature="multiplebrowser(java.lang.String)[pri:0, instance:practicedemo.NewTest@fd07cbb]" started-at="2018-05-19T12:41:04Z" name="multiplebrowser" finished-at="2018-05-19T12:41:14Z" duration-ms="9940" status="PASS">
          <params>
            <param index="0">
              <value>
                <![CDATA[chrome]]>
              </value>
            </param>
          </params>
          <reporter-output>
          </reporter-output>
        </test-method> <!-- multiplebrowser -->
        <test-method signature="search()[pri:0, instance:practicedemo.NewTest@fd07cbb]" started-at="2018-05-19T12:41:14Z" name="search" finished-at="2018-05-19T12:41:16Z" duration-ms="2138" status="PASS">
          <reporter-output>
          </reporter-output>
        </test-method> <!-- search -->
        <test-method is-config="true" signature="closingbrowser()[pri:0, instance:practicedemo.NewTest@fd07cbb]" started-at="2018-05-19T12:41:16Z" name="closingbrowser" finished-at="2018-05-19T12:41:18Z" duration-ms="2374" status="PASS">
          <reporter-output>
          </reporter-output>
        </test-method> <!-- closingbrowser -->
      </class> <!-- practicedemo.NewTest -->
    </test> <!-- ChromeTest -->
  </suite> <!-- Suite -->
</testng-results>
